2026-01-09 17:14:41 - Starting Workflow...
2026-01-09 17:14:41 - Build log: E:\DevHome\sj-workbench\sjhis\2217急诊分诊专病中心\build-test\BuildServerApp\bin\Debug\net10.0-windows\logs\builds\build_20260109_171441.log
2026-01-09 17:14:41 - Step 1: SVN Update (Skipped)
2026-01-09 17:14:41 - Step 1.5: Verify node_modules
2026-01-09 17:14:41 - node_modules already exists for efacms_infrastructure
2026-01-09 17:14:41 - node_modules already exists for OutTreatOrder前端
2026-01-09 17:14:41 - Step 2: Build
2026-01-09 17:14:41 - Switching to Node.js 14.19.0 for efacms_infrastructure
2026-01-09 17:14:41 - Switching to Node.js 16.17.0 for OutTreatOrder前端
2026-01-09 17:14:51 - Project build records saved to database
2026-01-09 17:14:51 - Build failures detected. Proceeding to copy successful builds...
2026-01-09 17:14:51 - Step 3: Copy Artifacts
2026-01-09 17:14:51 - Copying E:/DevHome/sj-workbench/sjhis\0201门诊医生/efacms_infrastructure\dist to e:/DevHome/sj-workbench/sjhis/build-output\CIS\efacms_infrastructure
2026-01-09 17:14:51 - Copying E:/DevHome/sj-workbench/sjhis\0201门诊医生/OutTreatOrder前端\dist to e:/DevHome/sj-workbench/sjhis/build-output\CIS\OutTreatOrder前端
2026-01-09 17:14:51 - Workflow Completed.
2026-01-09 17:14:51 - Build failures detected!
2026-01-09 17:14:51 - Error in efacms_infrastructure: -  Building for build...
 ERROR  Error: Cannot find module 'vue-loader/package.json'
Require stack:
- E:\DevHome\sj-workbench\sjhis\Lwz-NodeModules\@vue\cli-service\lib\config\base.js
- E:\DevHome\sj-workbench\sjhis\Lwz-NodeModules\@vue\cli-service\lib\Service.js
- E:\DevHome\sj-workbench\sjhis\Lwz-NodeModules\@vue\cli-service\bin\vue-cli-service.js
Error: Cannot find module 'vue-loader/package.json'
Require stack:
- E:\DevHome\sj-workbench\sjhis\Lwz-NodeModules\@vue\cli-service\lib\config\base.js
- E:\DevHome\sj-workbench\sjhis\Lwz-NodeModules\@vue\cli-service\lib\Service.js
- E:\DevHome\sj-workbench\sjhis\Lwz-NodeModules\@vue\cli-service\bin\vue-cli-service.js
    at Function.Module._resolveFilename (node:internal/modules/cjs/loader:956:15)
    at Function.Module._load (node:internal/modules/cjs/loader:804:27)
    at Module.require (node:internal/modules/cjs/loader:1028:19)
    at require (node:internal/modules/cjs/helpers:102:18)
    at E:\DevHome\sj-workbench\sjhis\Lwz-NodeModules\@vue\cli-service\lib\config\base.js:70:21
    at E:\DevHome\sj-workbench\sjhis\Lwz-NodeModules\@vue\cli-service\lib\Service.js:209:40
    at Array.forEach (<anonymous>)
    at Service.resolveChainableWebpackConfig (E:\DevHome\sj-workbench\sjhis\Lwz-NodeModules\@vue\cli-service\lib\Service.js:209:26)
    at PluginAPI.resolveChainableWebpackConfig (E:\DevHome\sj-workbench\sjhis\Lwz-NodeModules\@vue\cli-service\lib\PluginAPI.js:128:25)
    at module.exports (E:\DevHome\sj-workbench\sjhis\Lwz-NodeModules\@vue\cli-service\lib\commands\build\resolveAppConfig.js:2:22)
    at build (E:\DevHome\sj-workbench\sjhis\Lwz-NodeModules\@vue\cli-service\lib\commands\build\index.js:124:50)
    at E:\DevHome\sj-workbench\sjhis\Lwz-NodeModules\@vue\cli-service\lib\commands\build\index.js:72:13
    at Service.run (E:\DevHome\sj-workbench\sjhis\Lwz-NodeModules\@vue\cli-service\lib\Service.js:203:12)
    at Object.<anonymous> (E:\DevHome\sj-workbench\sjhis\Lwz-NodeModules\@vue\cli-service\bin\vue-cli-service.js:36:9)
    at Module._compile (node:internal/modules/cjs/loader:1126:14)
    at Object.Module._extensions..js (node:internal/modules/cjs/loader:1180:10)

2026-01-09 17:14:51 - Build failed for efacms_infrastructure with exit code 1
2026-01-09 17:14:51 - Error in OutTreatOrder前端: -  Building for build...
Browserslist: caniuse-lite is outdated. Please run:
  npx update-browserslist-db@latest
  Why you should do it regularly: https://github.com/browserslist/update-db#readme
[SVN INFO] 目录不存在: E:\DevHome\sj-workbench\sjhis\0201门诊医生\OutTreatOrder前端\cdn\sj\cis

