=== Build Log for cmd /c npm run build ===
Dir: E:/DevHome/sj-workbench/sjhis\0201门诊医生/OutTreatOrder前端
Time: 2026/1/12 11:34:25
=========================================
[OUT] 
[OUT] > sj.cis.out.treat.order@0.1.2 build
[OUT] > node build/get-cdn-config.js build && vue-cli-service build --mode build
[OUT] 
[OUT] 请求cdn配置成功
[OUT] 
[ERR] -  Building for build...
[OUT] Starting type checking service...
[OUT] Using 1 worker with 2048MB memory limit
[ERR] Browserslist: caniuse-lite is outdated. Please run next command `npm update`
[OUT]  DONE  Compiled successfully in 7514ms11:34:35
[OUT] 
[OUT]   File                                      Size             Gzipped
[OUT] 
[OUT]   dist\static\js\pages\cis\cis_out_treat    208.50 kb        62.44 kb
[OUT]   _order.ea8b7a27.js
[OUT]   dist\static\js\index.d97db793.js          6.06 kb          2.67 kb
[OUT]   dist\static\css\pages\cis\cis_out_trea    9.31 kb          1.92 kb
[OUT]   t_order.9d25d98b.css
[OUT] 
[OUT]   Images and other types of assets omitted.
[OUT] 
[OUT]  DONE  Build complete. The dist directory is ready to be deployed.
[OUT]  INFO  Check out deployment instructions at https://cli.vuejs.org/guide/deployment.html
[OUT]       
[OUT] 
[OUT] > sj.cis.out.treat.order@0.1.2 postbuild
[OUT] > node build/afterbuild.js && node build/svn.info.js
[OUT] 
[OUT] cis_out_treat_order.html
[OUT] ./dist/static/css/pages/cis/cis_out_treat_order.9d25d98b.css
[OUT] ./dist/static/js/index.d97db793.js
[OUT] ./dist/static/js/index.d97db793.js.map
[OUT] ./dist/static/js/pages/cis/cis_out_treat_order.ea8b7a27.js
[OUT] ./dist/static/js/pages/cis/cis_out_treat_order.ea8b7a27.js.map
[OUT] [32m
[OUT] 项目部署成功！[39m
[OUT] [32m
[OUT] 维护：王映东[39m
[OUT] [32m
[OUT] 名称：sj.cis.out.treat.order[39m
[OUT] [32m
[OUT] 版本：0.1.2[39m
[OUT] [SVN INFO] 已更新 E:\DevHome\sj-workbench\sjhis\0201门诊医生\OutTreatOrder前端\dist\pages\cis\cis_out_treat_order.ea8b7a27.js
[ERR] [SVN INFO] 目录不存在: E:\DevHome\sj-workbench\sjhis\0201门诊医生\OutTreatOrder前端\cdn\sj\cis
