2026-01-12 11:03:41 - Starting Workflow...
2026-01-12 11:03:41 - Build log: E:\DevHome\sj-workbench\sjhis\2217急诊分诊专病中心\build-test\BuildServerApp\bin\Debug\net10.0-windows\logs\builds\build_20260112_110341\_summary.log
2026-01-12 11:03:41 - Step 1: SVN Update (Skipped)
2026-01-12 11:03:41 - Step 1.5: Verify node_modules
2026-01-12 11:03:41 - node_modules already exists for efacms_infrastructure
2026-01-12 11:03:41 - Creating symlink: E:/DevHome/sj-workbench/sjhis\0201门诊医生/OutWestRecipe前端\node_modules -> E:/DevHome/sj-workbench/sjhis\Wx-NodeModules
2026-01-12 11:03:41 - Warning: Failed to create symlink for OutWestRecipe前端: 客户端没有所需的特权。 : 'E:/DevHome/sj-workbench/sjhis\0201门诊医生/OutWestRecipe前端\node_modules'.
2026-01-12 11:03:41 - node_modules already exists for LongOrder前端
2026-01-12 11:03:41 - node_modules already exists for TempOrder前端
2026-01-12 11:03:41 - Creating symlink: E:/DevHome/sj-workbench/sjhis\0201门诊医生/OutTreatOrder前端\node_modules -> E:/DevHome/sj-workbench/sjhis\Wx-NodeModules
2026-01-12 11:03:41 - Warning: Failed to create symlink for OutTreatOrder前端: 客户端没有所需的特权。 : 'E:/DevHome/sj-workbench/sjhis\0201门诊医生/OutTreatOrder前端\node_modules'.
2026-01-12 11:03:41 - Step 2: Build
2026-01-12 11:03:41 - [efacms_infrastructure] Using specific Node: D:\Apps\nvm\v14.19.0
2026-01-12 11:03:41 - [OutWestRecipe前端] Using specific Node: D:\Apps\nvm\v16.17.0
2026-01-12 11:03:41 - [LongOrder前端] Using specific Node: D:\Apps\nvm\v16.17.0
2026-01-12 11:03:41 - [TempOrder前端] Using specific Node: D:\Apps\nvm\v16.17.0
2026-01-12 11:03:41 - [OutTreatOrder前端] Using specific Node: D:\Apps\nvm\v16.17.0
2026-01-12 11:04:17 - Project build records saved to database
2026-01-12 11:04:17 - Build failures detected. Proceeding to copy successful builds...
2026-01-12 11:04:17 - Step 3: Copy Artifacts
2026-01-12 11:04:17 - Copying E:/DevHome/sj-workbench/sjhis\0201门诊医生/efacms_infrastructure\dist to e:/DevHome/sj-workbench/sjhis/build-output\CIS\efacms_infrastructure
2026-01-12 11:04:17 - Warning: Dist directory not found: E:/DevHome/sj-workbench/sjhis\0201门诊医生/OutWestRecipe前端\dist
2026-01-12 11:04:17 - Copying E:/DevHome/sj-workbench/sjhis\0201门诊医生/LongOrder前端\dist to e:/DevHome/sj-workbench/sjhis/build-output\CIS\LongOrder前端
2026-01-12 11:04:17 - Copying E:/DevHome/sj-workbench/sjhis\0201门诊医生/TempOrder前端\dist to e:/DevHome/sj-workbench/sjhis/build-output\CIS\TempOrder前端
2026-01-12 11:04:17 - Copying E:/DevHome/sj-workbench/sjhis\0201门诊医生/OutTreatOrder前端\dist to e:/DevHome/sj-workbench/sjhis/build-output\CIS\OutTreatOrder前端
2026-01-12 11:04:17 - Workflow Completed.
2026-01-12 11:04:17 - Build failures detected!
2026-01-12 11:04:17 - Error in efacms_infrastructure: -  Building for build...
Browserslist: caniuse-lite is outdated. Please run:
  npx update-browserslist-db@latest
  Why you should do it regularly: https://github.com/browserslist/update-db#readme
[SVN INFO] 目录不存在: E:\DevHome\sj-workbench\sjhis\0201门诊医生\efacms_infrastructure\cdn\sj\cis

2026-01-12 11:04:17 - Error in OutWestRecipe前端: node:internal/fs/utils:347
    throw err;
    ^

Error: ENOENT: no such file or directory, open './node_modules/sj.dynamic.cdn-2/cdn-resolver.js'
    at Object.openSync (node:fs:594:3)
    at Object.readFileSync (node:fs:462:35)
    at Object.<anonymous> (E:\DevHome\sj-workbench\sjhis\0201门诊医生\OutWestRecipe前端\build\get-cdn-config.js:11:18)
    at Module._compile (node:internal/modules/cjs/loader:1126:14)
    at Object.Module._extensions..js (node:internal/modules/cjs/loader:1180:10)
    at Module.load (node:internal/modules/cjs/loader:1004:32)
    at Function.Module._load (node:internal/modules/cjs/loader:839:12)
    at Function.executeUserEntryPoint [as runMain] (node:internal/modules/run_main:81:12)
    at node:internal/main/run_main_module:17:47 {
  errno: -4058,
  syscall: 'open',
  code: 'ENOENT',
  path: './node_modules/sj.dynamic.cdn-2/cdn-resolver.js'
}

2026-01-12 11:04:17 - Build failed for OutWestRecipe前端 with exit code 1
2026-01-12 11:04:17 - Error in LongOrder前端: node:internal/fs/utils:347
    throw err;
    ^

Error: ENOENT: no such file or directory, open './node_modules/sj.dynamic.cdn-2/cdn-resolver.js'
    at Object.openSync (node:fs:594:3)
    at Object.readFileSync (node:fs:462:35)
    at Object.<anonymous> (E:\DevHome\sj-workbench\sjhis\0201门诊医生\LongOrder前端\build\get-cdn-config.js:11:18)
    at Module._compile (node:internal/modules/cjs/loader:1126:14)
    at Object.Module._extensions..js (node:internal/modules/cjs/loader:1180:10)
    at Module.load (node:internal/modules/cjs/loader:1004:32)
    at Function.Module._load (node:internal/modules/cjs/loader:839:12)
    at Function.executeUserEntryPoint [as runMain] (node:internal/modules/run_main:81:12)
    at node:internal/main/run_main_module:17:47 {
  errno: -4058,
  syscall: 'open',
  code: 'ENOENT',
  path: './node_modules/sj.dynamic.cdn-2/cdn-resolver.js'
}

2026-01-12 11:04:17 - Build failed for LongOrder前端 with exit code 1
2026-01-12 11:04:17 - Error in TempOrder前端: node:internal/fs/utils:347
    throw err;
    ^

Error: ENOENT: no such file or directory, open './node_modules/sj.dynamic.cdn-2/cdn-resolver.js'
    at Object.openSync (node:fs:594:3)
    at Object.readFileSync (node:fs:462:35)
    at Object.<anonymous> (E:\DevHome\sj-workbench\sjhis\0201门诊医生\TempOrder前端\build\get-cdn-config.js:11:18)
    at Module._compile (node:internal/modules/cjs/loader:1126:14)
    at Object.Module._extensions..js (node:internal/modules/cjs/loader:1180:10)
    at Module.load (node:internal/modules/cjs/loader:1004:32)
    at Function.Module._load (node:internal/modules/cjs/loader:839:12)
    at Function.executeUserEntryPoint [as runMain] (node:internal/modules/run_main:81:12)
    at node:internal/main/run_main_module:17:47 {
  errno: -4058,
  syscall: 'open',
  code: 'ENOENT',
  path: './node_modules/sj.dynamic.cdn-2/cdn-resolver.js'
}

2026-01-12 11:04:17 - Build failed for TempOrder前端 with exit code 1
2026-01-12 11:04:17 - Error in OutTreatOrder前端: node:internal/fs/utils:347
    throw err;
    ^

Error: ENOENT: no such file or directory, open './node_modules/sj.dynamic.cdn-2/cdn-resolver.js'
    at Object.openSync (node:fs:594:3)
    at Object.readFileSync (node:fs:462:35)
    at Object.<anonymous> (E:\DevHome\sj-workbench\sjhis\0201门诊医生\OutTreatOrder前端\build\get-cdn-config.js:11:18)
    at Module._compile (node:internal/modules/cjs/loader:1126:14)
    at Object.Module._extensions..js (node:internal/modules/cjs/loader:1180:10)
    at Module.load (node:internal/modules/cjs/loader:1004:32)
    at Function.Module._load (node:internal/modules/cjs/loader:839:12)
    at Function.executeUserEntryPoint [as runMain] (node:internal/modules/run_main:81:12)
    at node:internal/main/run_main_module:17:47 {
  errno: -4058,
  syscall: 'open',
  code: 'ENOENT',
  path: './node_modules/sj.dynamic.cdn-2/cdn-resolver.js'
}

2026-01-12 11:04:17 - Build failed for OutTreatOrder前端 with exit code 1
