2026-01-12 14:13:30 - Build failures detected!
2026-01-12 14:13:30 - Error in OutWestRecipe前端: node:internal/modules/cjs/loader:1031
  throw err;
  ^

Error: Cannot find module '@vue/cli-plugin-babel'
Require stack:
- E:\DevHome\sj-workbench\sjhis\Wx-NodeModules\@vue\cli-service\lib\Service.js
- E:\DevHome\sj-workbench\sjhis\Wx-NodeModules\@vue\cli-service\bin\vue-cli-service.js
    at Function.Module._resolveFilename (node:internal/modules/cjs/loader:1028:15)
    at Function.Module._load (node:internal/modules/cjs/loader:873:27)
    at Module.require (node:internal/modules/cjs/loader:1100:19)
    at require (node:internal/modules/cjs/helpers:119:18)
    at idToPlugin (E:\DevHome\sj-workbench\sjhis\Wx-NodeModules\@vue\cli-service\lib\Service.js:136:14)
    at Array.map (<anonymous>)
    at Service.resolvePlugins (E:\DevHome\sj-workbench\sjhis\Wx-NodeModules\@vue\cli-service\lib\Service.js:162:10)
    at new Service (E:\DevHome\sj-workbench\sjhis\Wx-NodeModules\@vue\cli-service\lib\Service.js:33:25)
    at Object.<anonymous> (E:\DevHome\sj-workbench\sjhis\Wx-NodeModules\@vue\cli-service\bin\vue-cli-service.js:16:17)
    at Module._compile (node:internal/modules/cjs/loader:1198:14) {
  code: 'MODULE_NOT_FOUND',
  requireStack: [
    'E:\\DevHome\\sj-workbench\\sjhis\\Wx-NodeModules\\@vue\\cli-service\\lib\\Service.js',
    'E:\\DevHome\\sj-workbench\\sjhis\\Wx-NodeModules\\@vue\\cli-service\\bin\\vue-cli-service.js'
  ]
}

2026-01-12 14:13:30 - Build failed for OutWestRecipe前端 with exit code 1
2026-01-12 14:13:30 - Error in LongOrder前端: -  Building for build...
Browserslist: caniuse-lite is outdated. Please run:
  npx update-browserslist-db@latest
  Why you should do it regularly: https://github.com/browserslist/update-db#readme
[SVN INFO] 目录不存在: E:\DevHome\sj-workbench\sjhis\0201门诊医生\LongOrder前端\cdn\sj\cis

2026-01-12 14:13:30 - Error in TempOrder前端: -  Building for build...
Browserslist: caniuse-lite is outdated. Please run:
  npx update-browserslist-db@latest
  Why you should do it regularly: https://github.com/browserslist/update-db#readme

2026-01-12 14:13:30 - Error in OutTreatOrder前端: -  Building for build...
(node:58952) [DEP0005] DeprecationWarning: Buffer() is deprecated due to security and usability issues. Please use the Buffer.alloc(), Buffer.allocUnsafe(), or Buffer.from() methods instead.
(Use `node --trace-deprecation ...` to show where the warning was created)
(node:5384) [DEP0005] DeprecationWarning: Buffer() is deprecated due to security and usability issues. Please use the Buffer.alloc(), Buffer.allocUnsafe(), or Buffer.from() methods instead.
(Use `node --trace-deprecation ...` to show where the warning was created)
(node:78364) [DEP0005] DeprecationWarning: Buffer() is deprecated due to security and usability issues. Please use the Buffer.alloc(), Buffer.allocUnsafe(), or Buffer.from() methods instead.
(Use `node --trace-deprecation ...` to show where the warning was created)
(node:11576) [DEP0005] DeprecationWarning: Buffer() is deprecated due to security and usability issues. Please use the Buffer.alloc(), Buffer.allocUnsafe(), or Buffer.from() methods instead.
(Use `node --trace-deprecation ...` to show where the warning was created)
(node:22316) [DEP0005] DeprecationWarning: Buffer() is deprecated due to security and usability issues. Please use the Buffer.alloc(), Buffer.allocUnsafe(), or Buffer.from() methods instead.
(Use `node --trace-deprecation ...` to show where the warning was created)
(node:74384) [DEP0005] DeprecationWarning: Buffer() is deprecated due to security and usability issues. Please use the Buffer.alloc(), Buffer.allocUnsafe(), or Buffer.from() methods instead.
(Use `node --trace-deprecation ...` to show where the warning was created)
(node:55448) [DEP0005] DeprecationWarning: Buffer() is deprecated due to security and usability issues. Please use the Buffer.alloc(), Buffer.allocUnsafe(), or Buffer.from() methods instead.
(Use `node --trace-deprecation ...` to show where the warning was created)
(node:67948) [DEP0005] DeprecationWarning: Buffer() is deprecated due to security and usability issues. Please use the Buffer.alloc(), Buffer.allocUnsafe(), or Buffer.from() methods instead.
(Use `node --trace-deprecation ...` to show where the warning was created)
(node:81908) [DEP0005] DeprecationWarning: Buffer() is deprecated due to security and usability issues. Please use the Buffer.alloc(), Buffer.allocUnsafe(), or Buffer.from() methods instead.
(Use `node --trace-deprecation ...` to show where the warning was created)
(node:52572) [DEP0005] DeprecationWarning: Buffer() is deprecated due to security and usability issues. Please use the Buffer.alloc(), Buffer.allocUnsafe(), or Buffer.from() methods instead.
(Use `node --trace-deprecation ...` to show where the warning was created)
(node:77076) [DEP0005] DeprecationWarning: Buffer() is deprecated due to security and usability issues. Please use the Buffer.alloc(), Buffer.allocUnsafe(), or Buffer.from() methods instead.
(Use `node --trace-deprecation ...` to show where the warning was created)
(node:31956) [DEP0005] DeprecationWarning: Buffer() is deprecated due to security and usability issues. Please use the Buffer.alloc(), Buffer.allocUnsafe(), or Buffer.from() methods instead.
(Use `node --trace-deprecation ...` to show where the warning was created)
(node:19812) [DEP0005] DeprecationWarning: Buffer() is deprecated due to security and usability issues. Please use the Buffer.alloc(), Buffer.allocUnsafe(), or Buffer.from() methods instead.
(Use `node --trace-deprecation ...` to show where the warning was created)
(node:2392) [DEP0005] DeprecationWarning: Buffer() is deprecated due to security and usability issues. Please use the Buffer.alloc(), Buffer.allocUnsafe(), or Buffer.from() methods instead.
(Use `node --trace-deprecation ...` to show where the warning was created)
(node:60408) [DEP0005] DeprecationWarning: Buffer() is deprecated due to security and usability issues. Please use the Buffer.alloc(), Buffer.allocUnsafe(), or Buffer.from() methods instead.
(Use `node --trace-deprecation ...` to show where the warning was created)
(node:61144) [DEP0005] DeprecationWarning: Buffer() is deprecated due to security and usability issues. Please use the Buffer.alloc(), Buffer.allocUnsafe(), or Buffer.from() methods instead.
(Use `node --trace-deprecation ...` to show where the warning was created)
(node:62460) [DEP0005] DeprecationWarning: Buffer() is deprecated due to security and usability issues. Please use the Buffer.alloc(), Buffer.allocUnsafe(), or Buffer.from() methods instead.
(Use `node --trace-deprecation ...` to show where the warning was created)
(node:47092) [DEP0005] DeprecationWarning: Buffer() is deprecated due to security and usability issues. Please use the Buffer.alloc(), Buffer.allocUnsafe(), or Buffer.from() methods instead.
(Use `node --trace-deprecation ...` to show where the warning was created)
Browserslist: caniuse-lite is outdated. Please run:
  npx update-browserslist-db@latest
  Why you should do it regularly: https://github.com/browserslist/update-db#readme
[SVN INFO] 目录不存在: E:\DevHome\sj-workbench\sjhis\0201门诊医生\OutTreatOrder前端\cdn\sj\cis

