2026-01-09 17:14:51 - Build failures detected!
2026-01-09 17:14:51 - Error in efacms_infrastructure: -  Building for build...
 ERROR  Error: Cannot find module 'vue-loader/package.json'
Require stack:
- E:\DevHome\sj-workbench\sjhis\Lwz-NodeModules\@vue\cli-service\lib\config\base.js
- E:\DevHome\sj-workbench\sjhis\Lwz-NodeModules\@vue\cli-service\lib\Service.js
- E:\DevHome\sj-workbench\sjhis\Lwz-NodeModules\@vue\cli-service\bin\vue-cli-service.js
Error: Cannot find module 'vue-loader/package.json'
Require stack:
- E:\DevHome\sj-workbench\sjhis\Lwz-NodeModules\@vue\cli-service\lib\config\base.js
- E:\DevHome\sj-workbench\sjhis\Lwz-NodeModules\@vue\cli-service\lib\Service.js
- E:\DevHome\sj-workbench\sjhis\Lwz-NodeModules\@vue\cli-service\bin\vue-cli-service.js
    at Function.Module._resolveFilename (node:internal/modules/cjs/loader:956:15)
    at Function.Module._load (node:internal/modules/cjs/loader:804:27)
    at Module.require (node:internal/modules/cjs/loader:1028:19)
    at require (node:internal/modules/cjs/helpers:102:18)
    at E:\DevHome\sj-workbench\sjhis\Lwz-NodeModules\@vue\cli-service\lib\config\base.js:70:21
    at E:\DevHome\sj-workbench\sjhis\Lwz-NodeModules\@vue\cli-service\lib\Service.js:209:40
    at Array.forEach (<anonymous>)
    at Service.resolveChainableWebpackConfig (E:\DevHome\sj-workbench\sjhis\Lwz-NodeModules\@vue\cli-service\lib\Service.js:209:26)
    at PluginAPI.resolveChainableWebpackConfig (E:\DevHome\sj-workbench\sjhis\Lwz-NodeModules\@vue\cli-service\lib\PluginAPI.js:128:25)
    at module.exports (E:\DevHome\sj-workbench\sjhis\Lwz-NodeModules\@vue\cli-service\lib\commands\build\resolveAppConfig.js:2:22)
    at build (E:\DevHome\sj-workbench\sjhis\Lwz-NodeModules\@vue\cli-service\lib\commands\build\index.js:124:50)
    at E:\DevHome\sj-workbench\sjhis\Lwz-NodeModules\@vue\cli-service\lib\commands\build\index.js:72:13
    at Service.run (E:\DevHome\sj-workbench\sjhis\Lwz-NodeModules\@vue\cli-service\lib\Service.js:203:12)
    at Object.<anonymous> (E:\DevHome\sj-workbench\sjhis\Lwz-NodeModules\@vue\cli-service\bin\vue-cli-service.js:36:9)
    at Module._compile (node:internal/modules/cjs/loader:1126:14)
    at Object.Module._extensions..js (node:internal/modules/cjs/loader:1180:10)

2026-01-09 17:14:51 - Build failed for efacms_infrastructure with exit code 1
2026-01-09 17:14:51 - Error in OutTreatOrder前端: -  Building for build...
Browserslist: caniuse-lite is outdated. Please run:
  npx update-browserslist-db@latest
  Why you should do it regularly: https://github.com/browserslist/update-db#readme
[SVN INFO] 目录不存在: E:\DevHome\sj-workbench\sjhis\0201门诊医生\OutTreatOrder前端\cdn\sj\cis

